Started by user [8mha:////4IGVMtvk6iK1hwW+PI4nElqD5WuZBmgWM1foNK6n5D+9AAAAlx+LCAAAAAAAAP9b85aBtbiIQTGjNKU4P08vOT+vOD8nVc83PyU1x6OyILUoJzMv2y+/JJUBAhiZGBgqihhk0NSjKDWzXb3RdlLBUSYGJk8GtpzUvPSSDB8G5tKinBIGIZ+sxLJE/ZzEvHT94JKizLx0a6BxUmjGOUNodHsLgAzuEgZu/dLi1CL9ovyMzBIAOOgHy8AAAAA=[0mrohit gupta
Running as SYSTEM
Building in workspace /var/jenkins_home/workspace/db_to_csv
[WS-CLEANUP] Deleting project workspace...
[WS-CLEANUP] Done
[db_to_csv] $ /bin/sh -xe /tmp/jenkins11059194894529801564.sh
+ pip3 install unidecode
Requirement already satisfied: unidecode in /usr/local/lib/python3.9/dist-packages (1.3.6)
WARNING: Running pip as the 'root' user can result in broken permissions and conflicting behaviour with the system package manager. It is recommended to use a virtual environment instead: https://pip.pypa.io/warnings/venv
+ python3 db_to_csv.py
/var/jenkins_home/workspace/db_to_csv/db_to_csv.py:44: DeprecationWarning: This method will be removed in future versions.  Use 'parser.read_file()' instead.
  config.readfp(open('./tables.properties'))
/var/jenkins_home/workspace/db_to_csv/db_to_csv.py:92: UserWarning: pandas only supports SQLAlchemy connectable (engine/connection) or database string URI or sqlite3 DBAPI2 connection. Other DBAPI2 objects are not tested. Please consider using SQLAlchemy.
  results = pd.read_sql_query(query, mydb)
/var/jenkins_home/workspace/db_to_csv/db_to_csv.py:92: UserWarning: pandas only supports SQLAlchemy connectable (engine/connection) or database string URI or sqlite3 DBAPI2 connection. Other DBAPI2 objects are not tested. Please consider using SQLAlchemy.
  results = pd.read_sql_query(query, mydb)
select * from materials_dataset
('hybrid',)
select * from materials_dataset
select * from materials_system

materials_property =  select * from materials_property

materials_experimentaldetails = select id, method, dataset_id from materials_experimentaldetails

materials_computationaldetails =  select co.id, co.dataset_id, co.code, co.level_of_theory, co.k_point_grid, co.level_of_relativity, co.basis_set_definition, co.dataset_id, co.numerical_accuracy, co.xc_functional, c.computational_details_id from   materials_computationaldetails co INNER JOIN materials_comment c on co.id = c.computational_details_id where computational_details_id is NOT NULL

materials_reference =  select id, title, journal, vol, pages_start, pages_end, year, doi_isbn from materials_reference

materials_author_references = select * from materials_author_references

materials_author = select * from materials_author

materials_synthesismethod = select sy.id, sy.starting_materials, sy.product, sy.dataset_id, c.synthesis_method_id  from materials_synthesismethod sy INNER JOIN materials_comment c on sy.id = c.synthesis_method_id where synthesis_method_id is NOT NULL

materials_scalar = select o.id, o.subset_id, t.dataset_id, n.id as numerical_id, n.value, n.qualifier, d.primary_property_id, f.value as value_temp, u.label from  materials_datapoint o INNER JOIN materials_subset t on o.subset_id = t.id INNER JOIN materials_numericalvalue n on o.id = n.datapoint_id INNER JOIN materials_dataset d on d.id = t.dataset_id INNER JOIN materials_numericalvaluefixed f on f.subset_id = t.id INNER JOIN  materials_unit u on u.id = f.unit_id where secondary_property_id IS NULL

materials_multi = select o.id, o.subset_id, t.dataset_id, n.id as numerical_id, n.value, n.qualifier, d.primary_property_id, d.secondary_property_id, f.value as value_temp, u.label from   materials_datapoint o INNER JOIN materials_subset t on o.subset_id = t.id INNER JOIN materials_numericalvalue n on o.id = n.datapoint_id INNER JOIN materials_dataset d on d.id = t.dataset_id INNER JOIN materials_numericalvaluefixed f on f.subset_id = t.id INNER JOIN  materials_unit u on u.id = f.unit_id where secondary_property_id IS NOT NULL
Traceback (most recent call last):
  File "/usr/local/lib/python3.9/dist-packages/mysql/connector/connection_cext.py", line 565, in cmd_query
    self._cmysql.query(
_mysql_connector.MySQLInterfaceError: You have an error in your SQL syntax; check the manual that corresponds to your MySQL server version for the right syntax to use near '=  select * from materials_property

materials_experimentaldetails = select id, ' at line 3

The above exception was the direct cause of the following exception:

Traceback (most recent call last):
  File "/usr/local/lib/python3.9/dist-packages/pandas/io/sql.py", line 2018, in execute
    cur.execute(*args, **kwargs)
  File "/usr/local/lib/python3.9/dist-packages/mysql/connector/cursor_cext.py", line 279, in execute
    result = self._cnx.cmd_query(
  File "/usr/local/lib/python3.9/dist-packages/mysql/connector/connection_cext.py", line 573, in cmd_query
    raise get_mysql_exception(
mysql.connector.errors.ProgrammingError: 1064 (42000): You have an error in your SQL syntax; check the manual that corresponds to your MySQL server version for the right syntax to use near '=  select * from materials_property

materials_experimentaldetails = select id, ' at line 3

The above exception was the direct cause of the following exception:

Traceback (most recent call last):
  File "/var/jenkins_home/workspace/db_to_csv/db_to_csv.py", line 92, in <module>
    results = pd.read_sql_query(query, mydb)
  File "/usr/local/lib/python3.9/dist-packages/pandas/io/sql.py", line 397, in read_sql_query
    return pandas_sql.read_query(
  File "/usr/local/lib/python3.9/dist-packages/pandas/io/sql.py", line 2078, in read_query
    cursor = self.execute(*args)
  File "/usr/local/lib/python3.9/dist-packages/pandas/io/sql.py", line 2030, in execute
    raise ex from exc
pandas.errors.DatabaseError: Execution failed on sql 'select * from materials_system

materials_property =  select * from materials_property

materials_experimentaldetails = select id, method, dataset_id from materials_experimentaldetails

materials_computationaldetails =  select co.id, co.dataset_id, co.code, co.level_of_theory, co.k_point_grid, co.level_of_relativity, co.basis_set_definition, co.dataset_id, co.numerical_accuracy, co.xc_functional, c.computational_details_id from   materials_computationaldetails co INNER JOIN materials_comment c on co.id = c.computational_details_id where computational_details_id is NOT NULL

materials_reference =  select id, title, journal, vol, pages_start, pages_end, year, doi_isbn from materials_reference

materials_author_references = select * from materials_author_references

materials_author = select * from materials_author

materials_synthesismethod = select sy.id, sy.starting_materials, sy.product, sy.dataset_id, c.synthesis_method_id  from materials_synthesismethod sy INNER JOIN materials_comment c on sy.id = c.synthesis_method_id where synthesis_method_id is NOT NULL

materials_scalar = select o.id, o.subset_id, t.dataset_id, n.id as numerical_id, n.value, n.qualifier, d.primary_property_id, f.value as value_temp, u.label from  materials_datapoint o INNER JOIN materials_subset t on o.subset_id = t.id INNER JOIN materials_numericalvalue n on o.id = n.datapoint_id INNER JOIN materials_dataset d on d.id = t.dataset_id INNER JOIN materials_numericalvaluefixed f on f.subset_id = t.id INNER JOIN  materials_unit u on u.id = f.unit_id where secondary_property_id IS NULL

materials_multi = select o.id, o.subset_id, t.dataset_id, n.id as numerical_id, n.value, n.qualifier, d.primary_property_id, d.secondary_property_id, f.value as value_temp, u.label from   materials_datapoint o INNER JOIN materials_subset t on o.subset_id = t.id INNER JOIN materials_numericalvalue n on o.id = n.datapoint_id INNER JOIN materials_dataset d on d.id = t.dataset_id INNER JOIN materials_numericalvaluefixed f on f.subset_id = t.id INNER JOIN  materials_unit u on u.id = f.unit_id where secondary_property_id IS NOT NULL': 1064 (42000): You have an error in your SQL syntax; check the manual that corresponds to your MySQL server version for the right syntax to use near '=  select * from materials_property

materials_experimentaldetails = select id, ' at line 3
Build step 'Execute shell' marked build as failure
Finished: FAILURE
