Started by user unknown or anonymous
Running as SYSTEM
Building in workspace C:\Users\GuptaR\.jenkins\workspace\store_to_graph
[store_to_graph] $ cmd /c call C:\Users\GuptaR\AppData\Local\Temp\jenkins5141424271419307806.bat

C:\Users\GuptaR\.jenkins\workspace\store_to_graph>python store.py 
<Response [400]>
../Nomad_metadata
../Nomad_metadata\metadata_v1_0.ttl
<Response [404]>
../Nomad_metadata\metadata_v1_1.ttl
<Response [404]>
../Nomad_metadata\metadata_v1_2.ttl
<Response [404]>
../Nomad_metadata\metadata_v1_3.ttl
<Response [404]>
../Nomad_metadata\metadata_v1_4.ttl
<Response [404]>
../Nomad_metadata\metadata_v1_5.ttl
<Response [404]>
../Nomad_metadata\metadata_v1_6.ttl
<Response [404]>
../Nomad_metadata\metadata_v1_7.ttl
<Response [404]>
../Nomad_metadata\metadata_v1_8.ttl
<Response [404]>
../Nomad_metadata\metadata_v1_9.ttl
<Response [404]>
../Nomad_metadata\metadata_v1_10.ttl
<Response [404]>
../Nomad_metadata\metadata_v1_11.ttl
<Response [404]>
../Nomad_metadata\metadata_v1_12.ttl
<Response [404]>
../Nomad_metadata\metadata_v1_13.ttl
<Response [404]>
../Nomad_metadata\metadata_v1_14.ttl
<Response [404]>
../Nomad_metadata\metadata_v1_15.ttl
<Response [404]>
../Nomad_metadata\metadata_v1_16.ttl
<Response [404]>
../Nomad_metadata\metadata_v1_17.ttl
<Response [404]>
../Nomad_metadata\metadata_v1_18.ttl
<Response [404]>
../Nomad_metadata\metadata_v1_19.ttl
<Response [404]>
../Nomad_metadata\metadata_v1_20.ttl
<Response [404]>
../Nomad_metadata\metadata_v1_21.ttl
<Response [404]>
../Nomad_metadata\metadata_v1_22.ttl
<Response [404]>
../Nomad_metadata\metadata_v1_23.ttl
<Response [404]>
../Nomad_metadata\metadata_v1_24.ttl
<Response [404]>
../Nomad_metadata\metadata_v1_25.ttl
<Response [404]>
../Nomad_metadata\metadata_v1_26.ttl
<Response [404]>
../Nomad_metadata\metadata_v1_27.ttl
<Response [404]>
../Nomad_metadata\metadata_v1_28.ttl
<Response [404]>
../Nomad_metadata\metadata_v1_29.ttl
<Response [404]>
../Nomad_metadata\metadata_v1_30.ttl
<Response [404]>
../Nomad_metadata\metadata_v1_31.ttl
<Response [404]>
../Nomad_metadata\metadata_v1_32.ttl
<Response [404]>
../Nomad_metadata\metadata_v1_33.ttl
<Response [404]>
../Nomad_metadata\metadata_v1_34.ttl
<Response [404]>
../Nomad_metadata\metadata_v1_35.ttl
<Response [404]>
../Nomad_metadata\metadata_v1_36.ttl
<Response [404]>
../Nomad_metadata\metadata_v1_37.ttl
<Response [404]>
../Nomad_metadata\metadata_v1_38.ttl
<Response [404]>
../Nomad_metadata\metadata_v1_39.ttl
<Response [404]>
../Nomad_metadata\metadata_v1_40.ttl
<Response [404]>
../Nomad_metadata\metadata_v1_41.ttl
<Response [404]>
../Nomad_metadata\metadata_v1_42.ttl
<Response [404]>
../Nomad_metadata\metadata_v1_43.ttl
<Response [404]>
../Nomad_metadata\metadata_v1_44.ttl
<Response [404]>
../Nomad_metadata\metadata_v1_45.ttl
<Response [404]>
../Nomad_metadata\metadata_v1_46.ttl
<Response [404]>
../Nomad_metadata\metadata_v1_47.ttl
<Response [404]>
../Nomad_metadata\metadata_v1_48.ttl
<Response [404]>
../Nomad_metadata\metadata_v1_49.ttl
<Response [404]>
../Nomad_metadata\metadata_v1_50.ttl
<Response [404]>
../Nomad_metadata\metadata_v1_51.ttl
<Response [404]>
../Nomad_metadata\metadata_v1_52.ttl
<Response [404]>
../Nomad_metadata\metadata_v1_53.ttl
<Response [404]>
../Nomad_metadata\metadata_v1_54.ttl
<Response [404]>
../Nomad_metadata\metadata_v1_55.ttl
<Response [404]>
../Nomad_metadata\metadata_v1_56.ttl
<Response [404]>
../Nomad_metadata\metadata_v1_57.ttl
<Response [404]>
../Nomad_metadata\metadata_v1_58.ttl
<Response [404]>
../Nomad_metadata\metadata_v1_59.ttl
<Response [404]>
../Nomad_metadata\metadata_v1_60.ttl
<Response [404]>
../Nomad_metadata\metadata_v1_61.ttl
<Response [404]>
../Nomad_metadata\metadata_v1_62.ttl
<Response [404]>
../Nomad_metadata\metadata_v1_63.ttl
<Response [404]>
../Nomad_metadata\metadata_v1_64.ttl
<Response [404]>
../Nomad_metadata\metadata_v1_65.ttl
<Response [404]>
../Nomad_metadata\metadata_v1_66.ttl
<Response [404]>
../Nomad_metadata\metadata_v1_67.ttl
<Response [404]>
../Nomad_metadata\metadata_v1_68.ttl
<Response [404]>
../Nomad_metadata\metadata_v1_69.ttl
<Response [404]>
../Nomad_metadata\metadata_v1_70.ttl
<Response [404]>
../Nomad_metadata\metadata_v1_71.ttl
<Response [404]>
../Nomad_metadata\metadata_v1_72.ttl
<Response [404]>
../Nomad_metadata\metadata_v1_73.ttl
<Response [404]>
../Nomad_metadata\metadata_v1_74.ttl
<Response [404]>
../Nomad_metadata\metadata_v1_75.ttl
<Response [404]>
../Nomad_metadata\metadata_v1_76.ttl
<Response [404]>
../Nomad_metadata\metadata_v1_77.ttl
<Response [404]>
../Nomad_metadata\metadata_v1_78.ttl
<Response [404]>
../Nomad_metadata\metadata_v1_79.ttl
<Response [404]>
../Nomad_metadata\metadata_v1_80.ttl
<Response [404]>
../Nomad_metadata\metadata_v1_81.ttl
<Response [404]>
../Nomad_metadata\metadata_v1_82.ttl
<Response [404]>
../Nomad_metadata\metadata_v1_83.ttl
<Response [404]>
../Nomad_metadata\metadata_v1_84.ttl
<Response [404]>
../Nomad_metadata\metadata_v1_85.ttl
<Response [404]>
../Nomad_metadata\metadata_v1_86.ttl
<Response [404]>
../Nomad_metadata\metadata_v1_87.ttl
<Response [404]>
../Nomad_metadata\metadata_v1_88.ttl
<Response [404]>
../Nomad_metadata\metadata_v1_89.ttl
<Response [404]>
../Nomad_metadata\metadata_v1_90.ttl
<Response [404]>
../Nomad_metadata\metadata_v1_91.ttl
<Response [404]>
../Nomad_metadata\metadata_v1_92.ttl
<Response [404]>
../Nomad_metadata\metadata_v1_93.ttl
<Response [404]>
../Nomad_metadata\metadata_v1_94.ttl
<Response [404]>
../Nomad_metadata\metadata_v1_95.ttl
<Response [404]>
../Nomad_metadata\metadata_v1_96.ttl
<Response [404]>
../Nomad_metadata\metadata_v1_97.ttl
<Response [404]>
../Nomad_metadata\metadata_v1_98.ttl
<Response [404]>
../Nomad_metadata\metadata_v1_99.ttl
<Response [404]>
time taken to upload triples : 205.24646592140198
../Nomad_method
../Nomad_method\method_v1_0.ttl
<Response [404]>
../Nomad_method\method_v1_1.ttl
<Response [404]>
../Nomad_method\method_v1_2.ttl
<Response [404]>
../Nomad_method\method_v1_3.ttl
<Response [404]>
../Nomad_method\method_v1_4.ttl
<Response [404]>
../Nomad_method\method_v1_5.ttl
<Response [404]>
../Nomad_method\method_v1_6.ttl
<Response [404]>
../Nomad_method\method_v1_7.ttl
<Response [404]>
../Nomad_method\method_v1_8.ttl
<Response [404]>
../Nomad_method\method_v1_9.ttl
<Response [404]>
../Nomad_method\method_v1_10.ttl
<Response [404]>
../Nomad_method\method_v1_11.ttl
<Response [404]>
../Nomad_method\method_v1_12.ttl
<Response [404]>
../Nomad_method\method_v1_13.ttl
<Response [404]>
../Nomad_method\method_v1_14.ttl
<Response [404]>
../Nomad_method\method_v1_15.ttl
<Response [404]>
../Nomad_method\method_v1_16.ttl
<Response [404]>
../Nomad_method\method_v1_17.ttl
<Response [404]>
../Nomad_method\method_v1_18.ttl
<Response [404]>
../Nomad_method\method_v1_19.ttl
<Response [404]>
../Nomad_method\method_v1_20.ttl
<Response [404]>
../Nomad_method\method_v1_21.ttl
<Response [404]>
../Nomad_method\method_v1_22.ttl
<Response [404]>
../Nomad_method\method_v1_23.ttl
<Response [404]>
../Nomad_method\method_v1_24.ttl
<Response [404]>
../Nomad_method\method_v1_25.ttl
<Response [404]>
../Nomad_method\method_v1_26.ttl
<Response [404]>
../Nomad_method\method_v1_27.ttl
<Response [404]>
../Nomad_method\method_v1_28.ttl
<Response [404]>
../Nomad_method\method_v1_29.ttl
<Response [404]>
../Nomad_method\method_v1_30.ttl
<Response [404]>
../Nomad_method\method_v1_31.ttl
<Response [404]>
../Nomad_method\method_v1_32.ttl
<Response [404]>
../Nomad_method\method_v1_33.ttl
<Response [404]>
../Nomad_method\method_v1_34.ttl
<Response [404]>
../Nomad_method\method_v1_35.ttl
<Response [404]>
../Nomad_method\method_v1_36.ttl
<Response [404]>
../Nomad_method\method_v1_37.ttl
<Response [404]>
../Nomad_method\method_v1_38.ttl
<Response [404]>
../Nomad_method\method_v1_39.ttl
<Response [404]>
../Nomad_method\method_v1_40.ttl
<Response [404]>
../Nomad_method\method_v1_41.ttl
<Response [404]>
../Nomad_method\method_v1_42.ttl
<Response [404]>
../Nomad_method\method_v1_43.ttl
<Response [404]>
../Nomad_method\method_v1_44.ttl
<Response [404]>
../Nomad_method\method_v1_45.ttl
<Response [404]>
../Nomad_method\method_v1_46.ttl
<Response [404]>
../Nomad_method\method_v1_47.ttl
<Response [404]>
../Nomad_method\method_v1_48.ttl
<Response [404]>
../Nomad_method\method_v1_49.ttl
<Response [404]>
../Nomad_method\method_v1_50.ttl
<Response [404]>
../Nomad_method\method_v1_51.ttl
<Response [404]>
../Nomad_method\method_v1_52.ttl
<Response [404]>
../Nomad_method\method_v1_53.ttl
<Response [404]>
../Nomad_method\method_v1_54.ttl
<Response [404]>
../Nomad_method\method_v1_55.ttl
<Response [404]>
../Nomad_method\method_v1_56.ttl
<Response [404]>
../Nomad_method\method_v1_57.ttl
<Response [404]>
../Nomad_method\method_v1_58.ttl
<Response [404]>
../Nomad_method\method_v1_59.ttl
<Response [404]>
../Nomad_method\method_v1_60.ttl
<Response [404]>
../Nomad_method\method_v1_61.ttl
<Response [404]>
../Nomad_method\method_v1_62.ttl
<Response [404]>
../Nomad_method\method_v1_63.ttl
<Response [404]>
../Nomad_method\method_v1_64.ttl
<Response [404]>
../Nomad_method\method_v1_65.ttl
<Response [404]>
../Nomad_method\method_v1_66.ttl
<Response [404]>
../Nomad_method\method_v1_67.ttl
<Response [404]>
../Nomad_method\method_v1_68.ttl
<Response [404]>
../Nomad_method\method_v1_69.ttl
<Response [404]>
../Nomad_method\method_v1_70.ttl
<Response [404]>
../Nomad_method\method_v1_71.ttl
<Response [404]>
../Nomad_method\method_v1_72.ttl
<Response [404]>
../Nomad_method\method_v1_73.ttl
<Response [404]>
../Nomad_method\method_v1_74.ttl
<Response [404]>
../Nomad_method\method_v1_75.ttl
<Response [404]>
../Nomad_method\method_v1_76.ttl
<Response [404]>
../Nomad_method\method_v1_77.ttl
<Response [404]>
../Nomad_method\method_v1_78.ttl
<Response [404]>
../Nomad_method\method_v1_79.ttl
<Response [404]>
../Nomad_method\method_v1_80.ttl
<Response [404]>
../Nomad_method\method_v1_81.ttl
<Response [404]>
../Nomad_method\method_v1_82.ttl
<Response [404]>
../Nomad_method\method_v1_83.ttl
<Response [404]>
../Nomad_method\method_v1_84.ttl
<Response [404]>
../Nomad_method\method_v1_85.ttl
<Response [404]>
../Nomad_method\method_v1_86.ttl
<Response [404]>
../Nomad_method\method_v1_87.ttl
<Response [404]>
../Nomad_method\method_v1_88.ttl
<Response [404]>
../Nomad_method\method_v1_89.ttl
<Response [404]>
../Nomad_method\method_v1_90.ttl
<Response [404]>
../Nomad_method\method_v1_91.ttl
<Response [404]>
../Nomad_method\method_v1_92.ttl
<Response [404]>
../Nomad_method\method_v1_93.ttl
<Response [404]>
../Nomad_method\method_v1_94.ttl
<Response [404]>
../Nomad_method\method_v1_95.ttl
<Response [404]>
../Nomad_method\method_v1_96.ttl
<Response [404]>
../Nomad_method\method_v1_97.ttl
<Response [404]>
../Nomad_method\method_v1_98.ttl
<Response [404]>
../Nomad_method\method_v1_99.ttl
<Response [404]>
time taken to upload triples : 205.6405746936798
../Nomad_observation
../Nomad_observation\obser_v1_0.ttl
<Response [404]>
../Nomad_observation\obser_v1_1.ttl
<Response [404]>
../Nomad_observation\obser_v1_2.ttl
<Response [404]>
../Nomad_observation\obser_v1_3.ttl
<Response [404]>
../Nomad_observation\obser_v1_4.ttl
<Response [404]>
../Nomad_observation\obser_v1_5.ttl
<Response [404]>
../Nomad_observation\obser_v1_6.ttl
<Response [404]>
../Nomad_observation\obser_v1_7.ttl
<Response [404]>
../Nomad_observation\obser_v1_8.ttl
<Response [404]>
../Nomad_observation\obser_v1_9.ttl
<Response [404]>
../Nomad_observation\obser_v1_10.ttl
<Response [404]>
../Nomad_observation\obser_v1_11.ttl
<Response [404]>
../Nomad_observation\obser_v1_12.ttl
<Response [404]>
../Nomad_observation\obser_v1_13.ttl
<Response [404]>
../Nomad_observation\obser_v1_14.ttl
<Response [404]>
../Nomad_observation\obser_v1_15.ttl
<Response [404]>
../Nomad_observation\obser_v1_16.ttl
<Response [404]>
../Nomad_observation\obser_v1_17.ttl
<Response [404]>
../Nomad_observation\obser_v1_18.ttl
<Response [404]>
../Nomad_observation\obser_v1_19.ttl
<Response [404]>
../Nomad_observation\obser_v1_20.ttl
<Response [404]>
../Nomad_observation\obser_v1_21.ttl
<Response [404]>
../Nomad_observation\obser_v1_22.ttl
<Response [404]>
../Nomad_observation\obser_v1_23.ttl
<Response [404]>
../Nomad_observation\obser_v1_24.ttl
<Response [404]>
../Nomad_observation\obser_v1_25.ttl
<Response [404]>
../Nomad_observation\obser_v1_26.ttl
<Response [404]>
../Nomad_observation\obser_v1_27.ttl
<Response [404]>
../Nomad_observation\obser_v1_28.ttl
<Response [404]>
../Nomad_observation\obser_v1_29.ttl
<Response [404]>
../Nomad_observation\obser_v1_30.ttl
<Response [404]>
../Nomad_observation\obser_v1_31.ttl
<Response [404]>
../Nomad_observation\obser_v1_32.ttl
<Response [404]>
../Nomad_observation\obser_v1_33.ttl
<Response [404]>
../Nomad_observation\obser_v1_34.ttl
<Response [404]>
../Nomad_observation\obser_v1_35.ttl
<Response [404]>
../Nomad_observation\obser_v1_36.ttl
<Response [404]>
../Nomad_observation\obser_v1_37.ttl
<Response [404]>
../Nomad_observation\obser_v1_38.ttl
<Response [404]>
../Nomad_observation\obser_v1_39.ttl
<Response [404]>
../Nomad_observation\obser_v1_40.ttl
<Response [404]>
../Nomad_observation\obser_v1_41.ttl
<Response [404]>
../Nomad_observation\obser_v1_42.ttl
<Response [404]>
../Nomad_observation\obser_v1_43.ttl
<Response [404]>
../Nomad_observation\obser_v1_44.ttl
<Response [404]>
../Nomad_observation\obser_v1_45.ttl
<Response [404]>
../Nomad_observation\obser_v1_46.ttl
<Response [404]>
../Nomad_observation\obser_v1_47.ttl
<Response [404]>
../Nomad_observation\obser_v1_48.ttl
<Response [404]>
../Nomad_observation\obser_v1_49.ttl
<Response [404]>
../Nomad_observation\obser_v1_50.ttl
<Response [404]>
../Nomad_observation\obser_v1_51.ttl
<Response [404]>
../Nomad_observation\obser_v1_52.ttl
<Response [404]>
../Nomad_observation\obser_v1_53.ttl
<Response [404]>
../Nomad_observation\obser_v1_54.ttl
<Response [404]>
../Nomad_observation\obser_v1_55.ttl
<Response [404]>
../Nomad_observation\obser_v1_56.ttl
<Response [404]>
../Nomad_observation\obser_v1_57.ttl
<Response [404]>
../Nomad_observation\obser_v1_58.ttl
<Response [404]>
../Nomad_observation\obser_v1_59.ttl
<Response [404]>
../Nomad_observation\obser_v1_60.ttl
<Response [404]>
../Nomad_observation\obser_v1_61.ttl
<Response [404]>
../Nomad_observation\obser_v1_62.ttl
<Response [404]>
../Nomad_observation\obser_v1_63.ttl
<Response [404]>
../Nomad_observation\obser_v1_64.ttl
<Response [404]>
../Nomad_observation\obser_v1_65.ttl
<Response [404]>
../Nomad_observation\obser_v1_66.ttl
<Response [404]>
../Nomad_observation\obser_v1_67.ttl
<Response [404]>
../Nomad_observation\obser_v1_68.ttl
<Response [404]>
../Nomad_observation\obser_v1_69.ttl
<Response [404]>
../Nomad_observation\obser_v1_70.ttl
<Response [404]>
../Nomad_observation\obser_v1_71.ttl
<Response [404]>
../Nomad_observation\obser_v1_72.ttl
<Response [404]>
../Nomad_observation\obser_v1_73.ttl
<Response [404]>
../Nomad_observation\obser_v1_74.ttl
<Response [404]>
../Nomad_observation\obser_v1_75.ttl
<Response [404]>
../Nomad_observation\obser_v1_76.ttl
<Response [404]>
../Nomad_observation\obser_v1_77.ttl
<Response [404]>
../Nomad_observation\obser_v1_78.ttl
<Response [404]>
../Nomad_observation\obser_v1_79.ttl
<Response [404]>
../Nomad_observation\obser_v1_80.ttl
<Response [404]>
../Nomad_observation\obser_v1_81.ttl
<Response [404]>
../Nomad_observation\obser_v1_82.ttl
<Response [404]>
../Nomad_observation\obser_v1_83.ttl
<Response [404]>
../Nomad_observation\obser_v1_84.ttl
<Response [404]>
../Nomad_observation\obser_v1_85.ttl
<Response [404]>
../Nomad_observation\obser_v1_86.ttl
<Response [404]>
../Nomad_observation\obser_v1_87.ttl
<Response [404]>
../Nomad_observation\obser_v1_88.ttl
<Response [404]>
../Nomad_observation\obser_v1_89.ttl
<Response [404]>
../Nomad_observation\obser_v1_90.ttl
<Response [404]>
../Nomad_observation\obser_v1_91.ttl
<Response [404]>
../Nomad_observation\obser_v1_92.ttl
<Response [404]>
../Nomad_observation\obser_v1_93.ttl
<Response [404]>
../Nomad_observation\obser_v1_94.ttl
<Response [404]>
../Nomad_observation\obser_v1_95.ttl
<Response [404]>
../Nomad_observation\obser_v1_96.ttl
<Response [404]>
../Nomad_observation\obser_v1_97.ttl
<Response [404]>
../Nomad_observation\obser_v1_98.ttl
<Response [404]>
../Nomad_observation\obser_v1_99.ttl
<Response [404]>
time taken to upload triples : 206.70310640335083
../Nomad_dcat
../Nomad_dcat\dcat0.ttl
<Response [404]>
../Nomad_dcat\dcat1.ttl
<Response [404]>
../Nomad_dcat\dcat2.ttl
<Response [404]>
../Nomad_dcat\dcat3.ttl
<Response [404]>
../Nomad_dcat\dcat4.ttl
<Response [404]>
../Nomad_dcat\dcat5.ttl
<Response [404]>
../Nomad_dcat\dcat6.ttl
<Response [404]>
../Nomad_dcat\dcat7.ttl
<Response [404]>
../Nomad_dcat\dcat8.ttl
<Response [404]>
../Nomad_dcat\dcat9.ttl
<Response [404]>
../Nomad_dcat\dcat10.ttl
<Response [404]>
../Nomad_dcat\dcat11.ttl
<Response [404]>
../Nomad_dcat\dcat12.ttl
<Response [404]>
../Nomad_dcat\dcat13.ttl
<Response [404]>
../Nomad_dcat\dcat14.ttl
<Response [404]>
../Nomad_dcat\dcat15.ttl
<Response [404]>
../Nomad_dcat\dcat16.ttl
<Response [404]>
../Nomad_dcat\dcat17.ttl
<Response [404]>
../Nomad_dcat\dcat18.ttl
<Response [404]>
../Nomad_dcat\dcat19.ttl
<Response [404]>
../Nomad_dcat\dcat20.ttl
<Response [404]>
../Nomad_dcat\dcat21.ttl
<Response [404]>
../Nomad_dcat\dcat22.ttl
<Response [404]>
../Nomad_dcat\dcat23.ttl
<Response [404]>
../Nomad_dcat\dcat24.ttl
<Response [404]>
../Nomad_dcat\dcat25.ttl
<Response [404]>
../Nomad_dcat\dcat26.ttl
<Response [404]>
../Nomad_dcat\dcat27.ttl
<Response [404]>
../Nomad_dcat\dcat28.ttl
<Response [404]>
../Nomad_dcat\dcat29.ttl
<Response [404]>
../Nomad_dcat\dcat30.ttl
<Response [404]>
../Nomad_dcat\dcat31.ttl
<Response [404]>
../Nomad_dcat\dcat32.ttl
<Response [404]>
../Nomad_dcat\dcat33.ttl
<Response [404]>
../Nomad_dcat\dcat34.ttl
<Response [404]>
../Nomad_dcat\dcat35.ttl
<Response [404]>
../Nomad_dcat\dcat36.ttl
<Response [404]>
../Nomad_dcat\dcat37.ttl
<Response [404]>
../Nomad_dcat\dcat38.ttl
<Response [404]>
../Nomad_dcat\dcat39.ttl
<Response [404]>
../Nomad_dcat\dcat40.ttl
<Response [404]>
../Nomad_dcat\dcat41.ttl
<Response [404]>
../Nomad_dcat\dcat42.ttl
<Response [404]>
../Nomad_dcat\dcat43.ttl
<Response [404]>
../Nomad_dcat\dcat44.ttl
Traceback (most recent call last):
  File "C:\Users\GuptaR\AppData\Local\Programs\Python\Python39\lib\site-packages\urllib3\util\connection.py", line 85, in create_connection
    sock.connect(sa)
ConnectionRefusedError: [WinError 10061] No connection could be made because the target machine actively refused it

During handling of the above exception, another exception occurred:

Traceback (most recent call last):
  File "C:\Users\GuptaR\.jenkins\workspace\store_to_graph\store.py", line 72, in <module>
    response = requests.post('http://localhost:7200/repositories/Nomad/statements', data=rdf.encode('utf-8'), headers = headers)
  File "C:\Users\GuptaR\AppData\Local\Programs\Python\Python39\lib\site-packages\requests\api.py", line 117, in post
    return request('post', url, data=data, json=json, **kwargs)
  File "C:\Users\GuptaR\AppData\Local\Programs\Python\Python39\lib\site-packages\requests\api.py", line 61, in request
    return session.request(method=method, url=url, **kwargs)
  File "C:\Users\GuptaR\AppData\Local\Programs\Python\Python39\lib\site-packages\requests\sessions.py", line 542, in request
    resp = self.send(prep, **send_kwargs)
  File "C:\Users\GuptaR\AppData\Local\Programs\Python\Python39\lib\site-packages\requests\sessions.py", line 655, in send
    r = adapter.send(request, **kwargs)
  File "C:\Users\GuptaR\AppData\Local\Programs\Python\Python39\lib\site-packages\requests\adapters.py", line 439, in send
    resp = conn.urlopen(
  File "C:\Users\GuptaR\AppData\Local\Programs\Python\Python39\lib\site-packages\urllib3\connectionpool.py", line 703, in urlopen
    httplib_response = self._make_request(
  File "C:\Users\GuptaR\AppData\Local\Programs\Python\Python39\lib\site-packages\urllib3\connectionpool.py", line 398, in _make_request
    conn.request(method, url, **httplib_request_kw)
  File "C:\Users\GuptaR\AppData\Local\Programs\Python\Python39\lib\site-packages\urllib3\connection.py", line 239, in request
    super(HTTPConnection, self).request(method, url, body=body, headers=headers)
  File "C:\Users\GuptaR\AppData\Local\Programs\Python\Python39\lib\http\client.py", line 1285, in request
    self._send_request(method, url, body, headers, encode_chunked)
  File "C:\Users\GuptaR\AppData\Local\Programs\Python\Python39\lib\http\client.py", line 1331, in _send_request
    self.endheaders(body, encode_chunked=encode_chunked)
  File "C:\Users\GuptaR\AppData\Local\Programs\Python\Python39\lib\http\client.py", line 1280, in endheaders
    self._send_output(message_body, encode_chunked=encode_chunked)
  File "C:\Users\GuptaR\AppData\Local\Programs\Python\Python39\lib\http\client.py", line 1040, in _send_output
    self.send(msg)
  File "C:\Users\GuptaR\AppData\Local\Programs\Python\Python39\lib\http\client.py", line 980, in send
    self.connect()
  File "C:\Users\GuptaR\AppData\Local\Programs\Python\Python39\lib\site-packages\urllib3\connection.py", line 205, in connect
    conn = self._new_conn()
  File "C:\Users\GuptaR\AppData\Local\Programs\Python\Python39\lib\site-packages\urllib3\connection.py", line 174, in _new_conn
    conn = connection.create_connection(
  File "C:\Users\GuptaR\AppData\Local\Programs\Python\Python39\lib\site-packages\urllib3\util\connection.py", line 85, in create_connection
    sock.connect(sa)
KeyboardInterrupt
^CTerminate batch job (Y/N)? 

C:\Users\GuptaR\.jenkins\workspace\store_to_graph>exit -1073741510 
Build was aborted
Aborted by [8mha:////4BVJrijKQUregzV/7U4EEkEn+JKRueckOvbAQYkXvR85AAAAmR+LCAAAAAAAAP9b85aBtbiIQTGjNKU4P08vOT+vOD8nVc83PyU1x6OyILUoJzMv2y+/JJUBAhiZGBgqihhk0NSjKDWzXb3RdlLBUSYGJk8GtpzUvPSSDB8G5tKinBIGIZ+sxLJE/ZzEvHT94JKizLx0a6BxUmjGOUNodHsLgAz2EgZe/dLi1CL90rzsvPzyPAATbMabwgAAAA==[0munknown
Finished: ABORTED
